22/08/2020 3:40:35 pm	This log contains information about the import schema operation into project 'DigitalMarketing.Database' on computer 'DESKTOP-HBK45CQ' by user 'LeandroMonaco'.
22/08/2020 3:40:35 pm	Import of database schema has started.
22/08/2020 3:40:41 pm	Gathering database credentials
22/08/2020 3:40:41 pm	Gathering database options
22/08/2020 3:40:41 pm	Gathering generic database scoped configuration option
22/08/2020 3:40:41 pm	Gathering users
22/08/2020 3:40:41 pm	Gathering roles
22/08/2020 3:40:41 pm	Gathering application roles
22/08/2020 3:40:41 pm	Gathering role memberships
22/08/2020 3:40:41 pm	Gathering filegroups
22/08/2020 3:40:41 pm	Gathering full-text catalogs
22/08/2020 3:40:41 pm	Gathering assemblies
22/08/2020 3:40:41 pm	Gathering certificates
22/08/2020 3:40:41 pm	Gathering asymmetric keys
22/08/2020 3:40:41 pm	Gathering symmetric keys
22/08/2020 3:40:41 pm	Gathering encrypted symmetric keys
22/08/2020 3:40:41 pm	Gathering schemas
22/08/2020 3:40:41 pm	Gathering XML schema collections
22/08/2020 3:40:41 pm	Gathering user-defined data types
22/08/2020 3:40:41 pm	Gathering user-defined types
22/08/2020 3:40:41 pm	Gathering table types
22/08/2020 3:40:41 pm	Gathering unique keys for table types
22/08/2020 3:40:41 pm	Gathering primary keys for table types
22/08/2020 3:40:41 pm	Gathering indexes for table types
22/08/2020 3:40:41 pm	Gathering check constraints for table types
22/08/2020 3:40:41 pm	Gathering default constraints for table types
22/08/2020 3:40:41 pm	Gathering partition functions
22/08/2020 3:40:41 pm	Gathering partition schemes
22/08/2020 3:40:41 pm	Gathering functions
22/08/2020 3:40:41 pm	Gathering encrypted functions
22/08/2020 3:40:41 pm	Gathering aggregates
22/08/2020 3:40:41 pm	Gathering procedures
22/08/2020 3:40:41 pm	Gathering encrypted procedures
22/08/2020 3:40:41 pm	Gathering tables
22/08/2020 3:40:41 pm	Gathering primary keys
22/08/2020 3:40:41 pm	Gathering unique constraints
22/08/2020 3:40:41 pm	Gathering foreign keys
22/08/2020 3:40:41 pm	Gathering default constraints
22/08/2020 3:40:41 pm	Gathering check constraints
22/08/2020 3:40:41 pm	Gathering views
22/08/2020 3:40:41 pm	Gathering encrypted views
22/08/2020 3:40:41 pm	Gathering indexes
22/08/2020 3:40:42 pm	Gathering statistics
22/08/2020 3:40:42 pm	Gathering full-text index stoplists
22/08/2020 3:40:42 pm	Gathering search property lists
22/08/2020 3:40:42 pm	Gathering search properties
22/08/2020 3:40:42 pm	Gathering full-text indexes
22/08/2020 3:40:42 pm	Gathering column store indexes
22/08/2020 3:40:42 pm	Gathering spatial indexes
22/08/2020 3:40:42 pm	Gathering XML indexes
22/08/2020 3:40:42 pm	Gathering Selective XML indexes
22/08/2020 3:40:42 pm	Gathering encrypted triggers
22/08/2020 3:40:42 pm	Gathering triggers
22/08/2020 3:40:42 pm	Gathering encrypted and clr ddl triggers
22/08/2020 3:40:42 pm	Gathering ddl triggers
22/08/2020 3:40:42 pm	Creating edge constraints
22/08/2020 3:40:42 pm	Gathering synonyms
22/08/2020 3:40:42 pm	Gathering defaults
22/08/2020 3:40:42 pm	Gathering data constraint uddt bindings
22/08/2020 3:40:42 pm	Gathering rules
22/08/2020 3:40:42 pm	Gathering data constraint uddt bindings
22/08/2020 3:40:42 pm	Gathering message types
22/08/2020 3:40:42 pm	Gathering queues
22/08/2020 3:40:42 pm	Gathering contracts
22/08/2020 3:40:42 pm	Gathering services
22/08/2020 3:40:42 pm	Gathering event notifications
22/08/2020 3:40:42 pm	Gathering remote service bindings
22/08/2020 3:40:42 pm	Gathering broker priorities
22/08/2020 3:40:42 pm	Gathering signatures
22/08/2020 3:40:42 pm	Gathering data compression options
22/08/2020 3:40:42 pm	Gathering sequence types
22/08/2020 3:40:42 pm	Gathering security policies
22/08/2020 3:40:42 pm	Gather column encryption keys
22/08/2020 3:40:42 pm	Gathering column master keys
22/08/2020 3:40:42 pm	Gathering external data sources
22/08/2020 3:40:42 pm	Gathering external file formats
22/08/2020 3:40:42 pm	Gathering external tables
22/08/2020 3:40:42 pm	Gathering extended properties
22/08/2020 3:40:42 pm	Gathering credentials
22/08/2020 3:40:42 pm	Gathering logins
22/08/2020 3:40:42 pm	Gathering server audits
22/08/2020 3:40:42 pm	An exception was encountered while attempting to retrieve the default data path: ''.  As a result, absolute paths may appear in ADD FILE statements.
22/08/2020 3:40:42 pm	Scanning project for duplicate elements
22/08/2020 3:40:42 pm	Finished duplicate element processing
22/08/2020 3:40:42 pm	Finished importing database.
22/08/2020 3:40:42 pm	A summary of the import was saved to the following location: D:\Build\AgilityManager\DigitalMarketing\DigitalMarketing.Database\Import Schema Logs\DigitalMarketing.Dat_20200822034035.log
22/08/2020 3:40:42 pm	Click Finish to continue...
